2023-07-14 17:53:02.020  INFO 7468 --- [restartedMain] com.demo.Blog.BlogApplication            : Starting BlogApplication using Java 19.0.1 on DESKTOP-C7M7OCV with PID 7468 (D:\Deneme Yaz覺l覺m\Java Denemeleri\Blog App\Blog\target\classes started by farfa in D:\Deneme Yaz覺l覺m\Java Denemeleri\Blog App)
2023-07-14 17:53:02.028  INFO 7468 --- [restartedMain] com.demo.Blog.BlogApplication            : No active profile set, falling back to 1 default profile: "default"
2023-07-14 17:53:02.234  INFO 7468 --- [restartedMain] .e.DevToolsPropertyDefaultsPostProcessor : Devtools property defaults active! Set 'spring.devtools.add-properties' to 'false' to disable
2023-07-14 17:53:02.236  INFO 7468 --- [restartedMain] .e.DevToolsPropertyDefaultsPostProcessor : For additional web related logging consider setting the 'logging.level.web' property to 'DEBUG'
2023-07-14 17:53:05.912  INFO 7468 --- [restartedMain] .s.d.r.c.RepositoryConfigurationDelegate : Bootstrapping Spring Data JPA repositories in DEFAULT mode.
2023-07-14 17:53:06.367  INFO 7468 --- [restartedMain] .s.d.r.c.RepositoryConfigurationDelegate : Finished Spring Data repository scanning in 433 ms. Found 7 JPA repository interfaces.
2023-07-14 17:53:07.832  INFO 7468 --- [restartedMain] o.s.cloud.context.scope.GenericScope     : BeanFactory id=1cf90a51-520b-3e8c-80f7-b6e8a7a16b3b
2023-07-14 17:53:12.165  INFO 7468 --- [restartedMain] o.s.b.w.embedded.tomcat.TomcatWebServer  : Tomcat initialized with port(s): 8080 (http)
2023-07-14 17:53:12.244  INFO 7468 --- [restartedMain] o.apache.catalina.core.StandardService   : Starting service [Tomcat]
2023-07-14 17:53:12.246  INFO 7468 --- [restartedMain] org.apache.catalina.core.StandardEngine  : Starting Servlet engine: [Apache Tomcat/9.0.74]
2023-07-14 17:53:12.723  INFO 7468 --- [restartedMain] o.a.c.c.C.[Tomcat].[localhost].[/]       : Initializing Spring embedded WebApplicationContext
2023-07-14 17:53:12.724  INFO 7468 --- [restartedMain] w.s.c.ServletWebServerApplicationContext : Root WebApplicationContext: initialization completed in 10486 ms
2023-07-14 17:53:13.294  INFO 7468 --- [restartedMain] o.hibernate.jpa.internal.util.LogHelper  : HHH000204: Processing PersistenceUnitInfo [name: default]
2023-07-14 17:53:13.455  INFO 7468 --- [restartedMain] org.hibernate.Version                    : HHH000412: Hibernate ORM core version 5.6.15.Final
2023-07-14 17:53:14.120  INFO 7468 --- [restartedMain] o.hibernate.annotations.common.Version   : HCANN000001: Hibernate Commons Annotations {5.1.2.Final}
2023-07-14 17:53:14.272 DEBUG 7468 --- [restartedMain] org.hibernate.type.BasicTypeRegistry     : Adding type registration boolean -> org.hibernate.type.BooleanType@23b53327
2023-07-14 17:53:14.277 DEBUG 7468 --- [restartedMain] org.hibernate.type.BasicTypeRegistry     : Adding type registration boolean -> org.hibernate.type.BooleanType@23b53327
2023-07-14 17:53:14.278 DEBUG 7468 --- [restartedMain] org.hibernate.type.BasicTypeRegistry     : Adding type registration java.lang.Boolean -> org.hibernate.type.BooleanType@23b53327
2023-07-14 17:53:14.279 DEBUG 7468 --- [restartedMain] org.hibernate.type.BasicTypeRegistry     : Adding type registration numeric_boolean -> org.hibernate.type.NumericBooleanType@4643e5c3
2023-07-14 17:53:14.281 DEBUG 7468 --- [restartedMain] org.hibernate.type.BasicTypeRegistry     : Adding type registration true_false -> org.hibernate.type.TrueFalseType@43ca8d27
2023-07-14 17:53:14.288 DEBUG 7468 --- [restartedMain] org.hibernate.type.BasicTypeRegistry     : Adding type registration yes_no -> org.hibernate.type.YesNoType@2edc973e
2023-07-14 17:53:14.294 DEBUG 7468 --- [restartedMain] org.hibernate.type.BasicTypeRegistry     : Adding type registration byte -> org.hibernate.type.ByteType@77dfcddd
2023-07-14 17:53:14.294 DEBUG 7468 --- [restartedMain] org.hibernate.type.BasicTypeRegistry     : Adding type registration byte -> org.hibernate.type.ByteType@77dfcddd
2023-07-14 17:53:14.294 DEBUG 7468 --- [restartedMain] org.hibernate.type.BasicTypeRegistry     : Adding type registration java.lang.Byte -> org.hibernate.type.ByteType@77dfcddd
2023-07-14 17:53:14.296 DEBUG 7468 --- [restartedMain] org.hibernate.type.BasicTypeRegistry     : Adding type registration character -> org.hibernate.type.CharacterType@3c393bcc
2023-07-14 17:53:14.297 DEBUG 7468 --- [restartedMain] org.hibernate.type.BasicTypeRegistry     : Adding type registration char -> org.hibernate.type.CharacterType@3c393bcc
2023-07-14 17:53:14.301 DEBUG 7468 --- [restartedMain] org.hibernate.type.BasicTypeRegistry     : Adding type registration java.lang.Character -> org.hibernate.type.CharacterType@3c393bcc
2023-07-14 17:53:14.303 DEBUG 7468 --- [restartedMain] org.hibernate.type.BasicTypeRegistry     : Adding type registration short -> org.hibernate.type.ShortType@719548fe
2023-07-14 17:53:14.304 DEBUG 7468 --- [restartedMain] org.hibernate.type.BasicTypeRegistry     : Adding type registration short -> org.hibernate.type.ShortType@719548fe
2023-07-14 17:53:14.304 DEBUG 7468 --- [restartedMain] org.hibernate.type.BasicTypeRegistry     : Adding type registration java.lang.Short -> org.hibernate.type.ShortType@719548fe
2023-07-14 17:53:14.311 DEBUG 7468 --- [restartedMain] org.hibernate.type.BasicTypeRegistry     : Adding type registration integer -> org.hibernate.type.IntegerType@546921e9
2023-07-14 17:53:14.312 DEBUG 7468 --- [restartedMain] org.hibernate.type.BasicTypeRegistry     : Adding type registration int -> org.hibernate.type.IntegerType@546921e9
2023-07-14 17:53:14.312 DEBUG 7468 --- [restartedMain] org.hibernate.type.BasicTypeRegistry     : Adding type registration java.lang.Integer -> org.hibernate.type.IntegerType@546921e9
2023-07-14 17:53:14.317 DEBUG 7468 --- [restartedMain] org.hibernate.type.BasicTypeRegistry     : Adding type registration long -> org.hibernate.type.LongType@33110f92
2023-07-14 17:53:14.318 DEBUG 7468 --- [restartedMain] org.hibernate.type.BasicTypeRegistry     : Adding type registration long -> org.hibernate.type.LongType@33110f92
2023-07-14 17:53:14.318 DEBUG 7468 --- [restartedMain] org.hibernate.type.BasicTypeRegistry     : Adding type registration java.lang.Long -> org.hibernate.type.LongType@33110f92
2023-07-14 17:53:14.321 DEBUG 7468 --- [restartedMain] org.hibernate.type.BasicTypeRegistry     : Adding type registration float -> org.hibernate.type.FloatType@80e0b49
2023-07-14 17:53:14.324 DEBUG 7468 --- [restartedMain] org.hibernate.type.BasicTypeRegistry     : Adding type registration float -> org.hibernate.type.FloatType@80e0b49
2023-07-14 17:53:14.326 DEBUG 7468 --- [restartedMain] org.hibernate.type.BasicTypeRegistry     : Adding type registration java.lang.Float -> org.hibernate.type.FloatType@80e0b49
2023-07-14 17:53:14.329 DEBUG 7468 --- [restartedMain] org.hibernate.type.BasicTypeRegistry     : Adding type registration double -> org.hibernate.type.DoubleType@618a6c84
2023-07-14 17:53:14.330 DEBUG 7468 --- [restartedMain] org.hibernate.type.BasicTypeRegistry     : Adding type registration double -> org.hibernate.type.DoubleType@618a6c84
2023-07-14 17:53:14.330 DEBUG 7468 --- [restartedMain] org.hibernate.type.BasicTypeRegistry     : Adding type registration java.lang.Double -> org.hibernate.type.DoubleType@618a6c84
2023-07-14 17:53:14.334 DEBUG 7468 --- [restartedMain] org.hibernate.type.BasicTypeRegistry     : Adding type registration big_decimal -> org.hibernate.type.BigDecimalType@b5235a5
2023-07-14 17:53:14.334 DEBUG 7468 --- [restartedMain] org.hibernate.type.BasicTypeRegistry     : Adding type registration java.math.BigDecimal -> org.hibernate.type.BigDecimalType@b5235a5
2023-07-14 17:53:14.337 DEBUG 7468 --- [restartedMain] org.hibernate.type.BasicTypeRegistry     : Adding type registration big_integer -> org.hibernate.type.BigIntegerType@a7ae189
2023-07-14 17:53:14.337 DEBUG 7468 --- [restartedMain] org.hibernate.type.BasicTypeRegistry     : Adding type registration java.math.BigInteger -> org.hibernate.type.BigIntegerType@a7ae189
2023-07-14 17:53:14.341 DEBUG 7468 --- [restartedMain] org.hibernate.type.BasicTypeRegistry     : Adding type registration string -> org.hibernate.type.StringType@5a940b79
2023-07-14 17:53:14.342 DEBUG 7468 --- [restartedMain] org.hibernate.type.BasicTypeRegistry     : Adding type registration java.lang.String -> org.hibernate.type.StringType@5a940b79
2023-07-14 17:53:14.344 DEBUG 7468 --- [restartedMain] org.hibernate.type.BasicTypeRegistry     : Adding type registration nstring -> org.hibernate.type.StringNVarcharType@2937834d
2023-07-14 17:53:14.345 DEBUG 7468 --- [restartedMain] org.hibernate.type.BasicTypeRegistry     : Adding type registration ncharacter -> org.hibernate.type.CharacterNCharType@7bd0191
2023-07-14 17:53:14.347 DEBUG 7468 --- [restartedMain] org.hibernate.type.BasicTypeRegistry     : Adding type registration url -> org.hibernate.type.UrlType@6e09d808
2023-07-14 17:53:14.347 DEBUG 7468 --- [restartedMain] org.hibernate.type.BasicTypeRegistry     : Adding type registration java.net.URL -> org.hibernate.type.UrlType@6e09d808
2023-07-14 17:53:14.349 DEBUG 7468 --- [restartedMain] org.hibernate.type.BasicTypeRegistry     : Adding type registration Duration -> org.hibernate.type.DurationType@6167ee72
2023-07-14 17:53:14.350 DEBUG 7468 --- [restartedMain] org.hibernate.type.BasicTypeRegistry     : Adding type registration java.time.Duration -> org.hibernate.type.DurationType@6167ee72
2023-07-14 17:53:14.354 DEBUG 7468 --- [restartedMain] org.hibernate.type.BasicTypeRegistry     : Adding type registration Instant -> org.hibernate.type.InstantType@28af6765
2023-07-14 17:53:14.356 DEBUG 7468 --- [restartedMain] org.hibernate.type.BasicTypeRegistry     : Adding type registration java.time.Instant -> org.hibernate.type.InstantType@28af6765
2023-07-14 17:53:14.360 DEBUG 7468 --- [restartedMain] org.hibernate.type.BasicTypeRegistry     : Adding type registration LocalDateTime -> org.hibernate.type.LocalDateTimeType@365dc947
2023-07-14 17:53:14.361 DEBUG 7468 --- [restartedMain] org.hibernate.type.BasicTypeRegistry     : Adding type registration java.time.LocalDateTime -> org.hibernate.type.LocalDateTimeType@365dc947
2023-07-14 17:53:14.363 DEBUG 7468 --- [restartedMain] org.hibernate.type.BasicTypeRegistry     : Adding type registration LocalDate -> org.hibernate.type.LocalDateType@237ed572
2023-07-14 17:53:14.364 DEBUG 7468 --- [restartedMain] org.hibernate.type.BasicTypeRegistry     : Adding type registration java.time.LocalDate -> org.hibernate.type.LocalDateType@237ed572
2023-07-14 17:53:14.368 DEBUG 7468 --- [restartedMain] org.hibernate.type.BasicTypeRegistry     : Adding type registration LocalTime -> org.hibernate.type.LocalTimeType@1d1f31e9
2023-07-14 17:53:14.369 DEBUG 7468 --- [restartedMain] org.hibernate.type.BasicTypeRegistry     : Adding type registration java.time.LocalTime -> org.hibernate.type.LocalTimeType@1d1f31e9
2023-07-14 17:53:14.373 DEBUG 7468 --- [restartedMain] org.hibernate.type.BasicTypeRegistry     : Adding type registration OffsetDateTime -> org.hibernate.type.OffsetDateTimeType@c66ec92
2023-07-14 17:53:14.373 DEBUG 7468 --- [restartedMain] org.hibernate.type.BasicTypeRegistry     : Adding type registration java.time.OffsetDateTime -> org.hibernate.type.OffsetDateTimeType@c66ec92
2023-07-14 17:53:14.376 DEBUG 7468 --- [restartedMain] org.hibernate.type.BasicTypeRegistry     : Adding type registration OffsetTime -> org.hibernate.type.OffsetTimeType@4303b32f
2023-07-14 17:53:14.377 DEBUG 7468 --- [restartedMain] org.hibernate.type.BasicTypeRegistry     : Adding type registration java.time.OffsetTime -> org.hibernate.type.OffsetTimeType@4303b32f
2023-07-14 17:53:14.385 DEBUG 7468 --- [restartedMain] org.hibernate.type.BasicTypeRegistry     : Adding type registration ZonedDateTime -> org.hibernate.type.ZonedDateTimeType@72279d60
2023-07-14 17:53:14.385 DEBUG 7468 --- [restartedMain] org.hibernate.type.BasicTypeRegistry     : Adding type registration java.time.ZonedDateTime -> org.hibernate.type.ZonedDateTimeType@72279d60
2023-07-14 17:53:14.389 DEBUG 7468 --- [restartedMain] org.hibernate.type.BasicTypeRegistry     : Adding type registration date -> org.hibernate.type.DateType@1575c63f
2023-07-14 17:53:14.389 DEBUG 7468 --- [restartedMain] org.hibernate.type.BasicTypeRegistry     : Adding type registration java.sql.Date -> org.hibernate.type.DateType@1575c63f
2023-07-14 17:53:14.394 DEBUG 7468 --- [restartedMain] org.hibernate.type.BasicTypeRegistry     : Adding type registration time -> org.hibernate.type.TimeType@a718f7f
2023-07-14 17:53:14.395 DEBUG 7468 --- [restartedMain] org.hibernate.type.BasicTypeRegistry     : Adding type registration java.sql.Time -> org.hibernate.type.TimeType@a718f7f
2023-07-14 17:53:14.397 DEBUG 7468 --- [restartedMain] org.hibernate.type.BasicTypeRegistry     : Adding type registration timestamp -> org.hibernate.type.TimestampType@5d88f21b
2023-07-14 17:53:14.397 DEBUG 7468 --- [restartedMain] org.hibernate.type.BasicTypeRegistry     : Adding type registration java.sql.Timestamp -> org.hibernate.type.TimestampType@5d88f21b
2023-07-14 17:53:14.398 DEBUG 7468 --- [restartedMain] org.hibernate.type.BasicTypeRegistry     : Adding type registration java.util.Date -> org.hibernate.type.TimestampType@5d88f21b
2023-07-14 17:53:14.403 DEBUG 7468 --- [restartedMain] org.hibernate.type.BasicTypeRegistry     : Adding type registration dbtimestamp -> org.hibernate.type.DbTimestampType@54cd7273
2023-07-14 17:53:14.405 DEBUG 7468 --- [restartedMain] org.hibernate.type.BasicTypeRegistry     : Adding type registration calendar -> org.hibernate.type.CalendarType@39a44615
2023-07-14 17:53:14.408 DEBUG 7468 --- [restartedMain] org.hibernate.type.BasicTypeRegistry     : Adding type registration java.util.Calendar -> org.hibernate.type.CalendarType@39a44615
2023-07-14 17:53:14.409 DEBUG 7468 --- [restartedMain] org.hibernate.type.BasicTypeRegistry     : Adding type registration java.util.GregorianCalendar -> org.hibernate.type.CalendarType@39a44615
2023-07-14 17:53:14.411 DEBUG 7468 --- [restartedMain] org.hibernate.type.BasicTypeRegistry     : Adding type registration calendar_date -> org.hibernate.type.CalendarDateType@67d98954
2023-07-14 17:53:14.414 DEBUG 7468 --- [restartedMain] org.hibernate.type.BasicTypeRegistry     : Adding type registration calendar_time -> org.hibernate.type.CalendarTimeType@2051a9b5
2023-07-14 17:53:14.423 DEBUG 7468 --- [restartedMain] org.hibernate.type.BasicTypeRegistry     : Adding type registration locale -> org.hibernate.type.LocaleType@5ee0b7a8
2023-07-14 17:53:14.424 DEBUG 7468 --- [restartedMain] org.hibernate.type.BasicTypeRegistry     : Adding type registration java.util.Locale -> org.hibernate.type.LocaleType@5ee0b7a8
2023-07-14 17:53:14.426 DEBUG 7468 --- [restartedMain] org.hibernate.type.BasicTypeRegistry     : Adding type registration currency -> org.hibernate.type.CurrencyType@27257067
2023-07-14 17:53:14.427 DEBUG 7468 --- [restartedMain] org.hibernate.type.BasicTypeRegistry     : Adding type registration java.util.Currency -> org.hibernate.type.CurrencyType@27257067
2023-07-14 17:53:14.433 DEBUG 7468 --- [restartedMain] org.hibernate.type.BasicTypeRegistry     : Adding type registration timezone -> org.hibernate.type.TimeZoneType@59b3dfc5
2023-07-14 17:53:14.434 DEBUG 7468 --- [restartedMain] org.hibernate.type.BasicTypeRegistry     : Adding type registration java.util.TimeZone -> org.hibernate.type.TimeZoneType@59b3dfc5
2023-07-14 17:53:14.436 DEBUG 7468 --- [restartedMain] org.hibernate.type.BasicTypeRegistry     : Adding type registration class -> org.hibernate.type.ClassType@27dcd9f0
2023-07-14 17:53:14.437 DEBUG 7468 --- [restartedMain] org.hibernate.type.BasicTypeRegistry     : Adding type registration java.lang.Class -> org.hibernate.type.ClassType@27dcd9f0
2023-07-14 17:53:14.438 DEBUG 7468 --- [restartedMain] org.hibernate.type.BasicTypeRegistry     : Adding type registration uuid-binary -> org.hibernate.type.UUIDBinaryType@4933a07f
2023-07-14 17:53:14.439 DEBUG 7468 --- [restartedMain] org.hibernate.type.BasicTypeRegistry     : Adding type registration java.util.UUID -> org.hibernate.type.UUIDBinaryType@4933a07f
2023-07-14 17:53:14.440 DEBUG 7468 --- [restartedMain] org.hibernate.type.BasicTypeRegistry     : Adding type registration uuid-char -> org.hibernate.type.UUIDCharType@29d33d33
2023-07-14 17:53:14.443 DEBUG 7468 --- [restartedMain] org.hibernate.type.BasicTypeRegistry     : Adding type registration binary -> org.hibernate.type.BinaryType@2d0bfb2a
2023-07-14 17:53:14.444 DEBUG 7468 --- [restartedMain] org.hibernate.type.BasicTypeRegistry     : Adding type registration byte[] -> org.hibernate.type.BinaryType@2d0bfb2a
2023-07-14 17:53:14.444 DEBUG 7468 --- [restartedMain] org.hibernate.type.BasicTypeRegistry     : Adding type registration [B -> org.hibernate.type.BinaryType@2d0bfb2a
2023-07-14 17:53:14.447 DEBUG 7468 --- [restartedMain] org.hibernate.type.BasicTypeRegistry     : Adding type registration wrapper-binary -> org.hibernate.type.WrapperBinaryType@169eabf8
2023-07-14 17:53:14.447 DEBUG 7468 --- [restartedMain] org.hibernate.type.BasicTypeRegistry     : Adding type registration Byte[] -> org.hibernate.type.WrapperBinaryType@169eabf8
2023-07-14 17:53:14.448 DEBUG 7468 --- [restartedMain] org.hibernate.type.BasicTypeRegistry     : Adding type registration [Ljava.lang.Byte; -> org.hibernate.type.WrapperBinaryType@169eabf8
2023-07-14 17:53:14.451 DEBUG 7468 --- [restartedMain] org.hibernate.type.BasicTypeRegistry     : Adding type registration row_version -> org.hibernate.type.RowVersionType@33dd89ab
2023-07-14 17:53:14.452 DEBUG 7468 --- [restartedMain] org.hibernate.type.BasicTypeRegistry     : Adding type registration image -> org.hibernate.type.ImageType@7fb0dcc4
2023-07-14 17:53:14.454 DEBUG 7468 --- [restartedMain] org.hibernate.type.BasicTypeRegistry     : Adding type registration characters -> org.hibernate.type.CharArrayType@468b20bf
2023-07-14 17:53:14.455 DEBUG 7468 --- [restartedMain] org.hibernate.type.BasicTypeRegistry     : Adding type registration char[] -> org.hibernate.type.CharArrayType@468b20bf
2023-07-14 17:53:14.455 DEBUG 7468 --- [restartedMain] org.hibernate.type.BasicTypeRegistry     : Adding type registration [C -> org.hibernate.type.CharArrayType@468b20bf
2023-07-14 17:53:14.458 DEBUG 7468 --- [restartedMain] org.hibernate.type.BasicTypeRegistry     : Adding type registration wrapper-characters -> org.hibernate.type.CharacterArrayType@51c35b8e
2023-07-14 17:53:14.458 DEBUG 7468 --- [restartedMain] org.hibernate.type.BasicTypeRegistry     : Adding type registration [Ljava.lang.Character; -> org.hibernate.type.CharacterArrayType@51c35b8e
2023-07-14 17:53:14.458 DEBUG 7468 --- [restartedMain] org.hibernate.type.BasicTypeRegistry     : Adding type registration Character[] -> org.hibernate.type.CharacterArrayType@51c35b8e
2023-07-14 17:53:14.459 DEBUG 7468 --- [restartedMain] org.hibernate.type.BasicTypeRegistry     : Adding type registration text -> org.hibernate.type.TextType@21819e67
2023-07-14 17:53:14.460 DEBUG 7468 --- [restartedMain] org.hibernate.type.BasicTypeRegistry     : Adding type registration ntext -> org.hibernate.type.NTextType@58293da8
2023-07-14 17:53:14.464 DEBUG 7468 --- [restartedMain] org.hibernate.type.BasicTypeRegistry     : Adding type registration blob -> org.hibernate.type.BlobType@663c067e
2023-07-14 17:53:14.465 DEBUG 7468 --- [restartedMain] org.hibernate.type.BasicTypeRegistry     : Adding type registration java.sql.Blob -> org.hibernate.type.BlobType@663c067e
2023-07-14 17:53:14.466 DEBUG 7468 --- [restartedMain] org.hibernate.type.BasicTypeRegistry     : Adding type registration materialized_blob -> org.hibernate.type.MaterializedBlobType@675865ba
2023-07-14 17:53:14.469 DEBUG 7468 --- [restartedMain] org.hibernate.type.BasicTypeRegistry     : Adding type registration clob -> org.hibernate.type.ClobType@7ac1ae51
2023-07-14 17:53:14.470 DEBUG 7468 --- [restartedMain] org.hibernate.type.BasicTypeRegistry     : Adding type registration java.sql.Clob -> org.hibernate.type.ClobType@7ac1ae51
2023-07-14 17:53:14.473 DEBUG 7468 --- [restartedMain] org.hibernate.type.BasicTypeRegistry     : Adding type registration nclob -> org.hibernate.type.NClobType@4dc78e93
2023-07-14 17:53:14.473 DEBUG 7468 --- [restartedMain] org.hibernate.type.BasicTypeRegistry     : Adding type registration java.sql.NClob -> org.hibernate.type.NClobType@4dc78e93
2023-07-14 17:53:14.479 DEBUG 7468 --- [restartedMain] org.hibernate.type.BasicTypeRegistry     : Adding type registration materialized_clob -> org.hibernate.type.MaterializedClobType@4b2a8765
2023-07-14 17:53:14.482 DEBUG 7468 --- [restartedMain] org.hibernate.type.BasicTypeRegistry     : Adding type registration materialized_nclob -> org.hibernate.type.MaterializedNClobType@6761865b
2023-07-14 17:53:14.516 DEBUG 7468 --- [restartedMain] org.hibernate.type.BasicTypeRegistry     : Adding type registration serializable -> org.hibernate.type.SerializableType@7643131
2023-07-14 17:53:14.524 DEBUG 7468 --- [restartedMain] org.hibernate.type.BasicTypeRegistry     : Adding type registration object -> org.hibernate.type.ObjectType@2afaefe0
2023-07-14 17:53:14.524 DEBUG 7468 --- [restartedMain] org.hibernate.type.BasicTypeRegistry     : Adding type registration java.lang.Object -> org.hibernate.type.ObjectType@2afaefe0
2023-07-14 17:53:14.525 DEBUG 7468 --- [restartedMain] org.hibernate.type.BasicTypeRegistry     : Adding type registration imm_date -> org.hibernate.type.AdaptedImmutableType@6fafa111
2023-07-14 17:53:14.526 DEBUG 7468 --- [restartedMain] org.hibernate.type.BasicTypeRegistry     : Adding type registration imm_time -> org.hibernate.type.AdaptedImmutableType@23bcc4b4
2023-07-14 17:53:14.528 DEBUG 7468 --- [restartedMain] org.hibernate.type.BasicTypeRegistry     : Adding type registration imm_timestamp -> org.hibernate.type.AdaptedImmutableType@282dfa97
2023-07-14 17:53:14.529 DEBUG 7468 --- [restartedMain] org.hibernate.type.BasicTypeRegistry     : Adding type registration imm_dbtimestamp -> org.hibernate.type.AdaptedImmutableType@49c9baf
2023-07-14 17:53:14.529 DEBUG 7468 --- [restartedMain] org.hibernate.type.BasicTypeRegistry     : Adding type registration imm_calendar -> org.hibernate.type.AdaptedImmutableType@16291504
2023-07-14 17:53:14.529 DEBUG 7468 --- [restartedMain] org.hibernate.type.BasicTypeRegistry     : Adding type registration imm_calendar_date -> org.hibernate.type.AdaptedImmutableType@5375ea11
2023-07-14 17:53:14.530 DEBUG 7468 --- [restartedMain] org.hibernate.type.BasicTypeRegistry     : Adding type registration imm_binary -> org.hibernate.type.AdaptedImmutableType@144b4baa
2023-07-14 17:53:14.530 DEBUG 7468 --- [restartedMain] org.hibernate.type.BasicTypeRegistry     : Adding type registration imm_serializable -> org.hibernate.type.AdaptedImmutableType@74eaeb6f
2023-07-14 17:53:14.850  INFO 7468 --- [restartedMain] com.zaxxer.hikari.HikariDataSource       : HikariPool-1 - Starting...
2023-07-14 17:53:15.598  INFO 7468 --- [restartedMain] com.zaxxer.hikari.HikariDataSource       : HikariPool-1 - Start completed.
2023-07-14 17:53:15.653  INFO 7468 --- [restartedMain] org.hibernate.dialect.Dialect            : HHH000400: Using dialect: org.hibernate.dialect.PostgreSQLDialect
2023-07-14 17:53:15.736 DEBUG 7468 --- [restartedMain] org.hibernate.type.BasicTypeRegistry     : Adding type registration pg-uuid -> org.hibernate.type.PostgresUUIDType@6615a8bc
2023-07-14 17:53:15.737 DEBUG 7468 --- [restartedMain] org.hibernate.type.BasicTypeRegistry     : Adding type registration java.util.UUID -> org.hibernate.type.PostgresUUIDType@6615a8bc
2023-07-14 17:53:15.737 DEBUG 7468 --- [restartedMain] org.hibernate.type.BasicTypeRegistry     : HHH000270: Type registration [java.util.UUID] overrides previous : org.hibernate.type.UUIDBinaryType@4933a07f
2023-07-14 17:53:15.741 DEBUG 7468 --- [restartedMain] o.h.type.spi.TypeConfiguration$Scope     : Scoping TypeConfiguration [org.hibernate.type.spi.TypeConfiguration@21d7b23] to MetadataBuildingContext [org.hibernate.boot.internal.MetadataBuildingContextRootImpl@7b9b32c3]
2023-07-14 17:53:17.311 DEBUG 7468 --- [restartedMain] org.hibernate.type.EnumType              : Using NAMED-based conversion for Enum com.demo.Blog.model.enums.UserRole
2023-07-14 17:53:17.315 DEBUG 7468 --- [restartedMain] org.hibernate.type.EnumType              : Using NAMED-based conversion for Enum com.demo.Blog.model.enums.MembershipStatus
2023-07-14 17:53:17.316 DEBUG 7468 --- [restartedMain] o.h.type.spi.TypeConfiguration$Scope     : Scoping TypeConfiguration [org.hibernate.type.spi.TypeConfiguration@21d7b23] to SessionFactoryImpl [org.hibernate.internal.SessionFactoryImpl@49e8a5fc]
2023-07-14 17:53:19.818  INFO 7468 --- [restartedMain] o.h.e.t.j.p.i.JtaPlatformInitiator       : HHH000490: Using JtaPlatform implementation: [org.hibernate.engine.transaction.jta.platform.internal.NoJtaPlatform]
2023-07-14 17:53:19.853 TRACE 7468 --- [restartedMain] o.h.type.spi.TypeConfiguration$Scope     : Handling #sessionFactoryCreated from [org.hibernate.internal.SessionFactoryImpl@49e8a5fc] for TypeConfiguration
2023-07-14 17:53:19.858  INFO 7468 --- [restartedMain] j.LocalContainerEntityManagerFactoryBean : Initialized JPA EntityManagerFactory for persistence unit 'default'
2023-07-14 17:53:23.842  WARN 7468 --- [restartedMain] JpaBaseConfiguration$JpaWebConfiguration : spring.jpa.open-in-view is enabled by default. Therefore, database queries may be performed during view rendering. Explicitly configure spring.jpa.open-in-view to disable this warning
2023-07-14 17:53:23.925  WARN 7468 --- [restartedMain] o.s.b.d.a.OptionalLiveReloadServer       : Unable to start LiveReload server
2023-07-14 17:53:26.330 DEBUG 7468 --- [restartedMain] org.hibernate.SQL                        : 
    insert 
    into
        users
        (create_date, email, full_name, password, role, user_name) 
    values
        (?, ?, ?, ?, ?, ?)
2023-07-14 17:53:26.337 TRACE 7468 --- [restartedMain] o.h.type.descriptor.sql.BasicBinder      : binding parameter [1] as [TIMESTAMP] - [2023-07-14T17:53:25.974218200]
2023-07-14 17:53:26.340 TRACE 7468 --- [restartedMain] o.h.type.descriptor.sql.BasicBinder      : binding parameter [2] as [VARCHAR] - [admin@gmail.com]
2023-07-14 17:53:26.340 TRACE 7468 --- [restartedMain] o.h.type.descriptor.sql.BasicBinder      : binding parameter [3] as [VARCHAR] - [admin]
2023-07-14 17:53:26.340 TRACE 7468 --- [restartedMain] o.h.type.descriptor.sql.BasicBinder      : binding parameter [4] as [VARCHAR] - [$2a$10$voDufqeap.G8uEgt73TVLOzuqqbaCWEV60vp7HVxXM3Ez9pac2r9a]
2023-07-14 17:53:26.340 TRACE 7468 --- [restartedMain] o.h.type.descriptor.sql.BasicBinder      : binding parameter [5] as [VARCHAR] - [ADMIN]
2023-07-14 17:53:26.341 TRACE 7468 --- [restartedMain] o.h.type.descriptor.sql.BasicBinder      : binding parameter [6] as [VARCHAR] - [admin]
2023-07-14 17:53:26.405 DEBUG 7468 --- [restartedMain] org.hibernate.SQL                        : 
    insert 
    into
        users
        (create_date, email, full_name, password, role, user_name) 
    values
        (?, ?, ?, ?, ?, ?)
2023-07-14 17:53:26.406 TRACE 7468 --- [restartedMain] o.h.type.descriptor.sql.BasicBinder      : binding parameter [1] as [TIMESTAMP] - [2023-07-14T17:53:26.171216100]
2023-07-14 17:53:26.406 TRACE 7468 --- [restartedMain] o.h.type.descriptor.sql.BasicBinder      : binding parameter [2] as [VARCHAR] - [user@gmail.com]
2023-07-14 17:53:26.406 TRACE 7468 --- [restartedMain] o.h.type.descriptor.sql.BasicBinder      : binding parameter [3] as [VARCHAR] - [user]
2023-07-14 17:53:26.406 TRACE 7468 --- [restartedMain] o.h.type.descriptor.sql.BasicBinder      : binding parameter [4] as [VARCHAR] - [$2a$10$J.dH1re2dVo7he1lldyVFOq2tBAsYrW4Xfkbkn809xT235rfhQHKa]
2023-07-14 17:53:26.406 TRACE 7468 --- [restartedMain] o.h.type.descriptor.sql.BasicBinder      : binding parameter [5] as [VARCHAR] - [USER]
2023-07-14 17:53:26.407 TRACE 7468 --- [restartedMain] o.h.type.descriptor.sql.BasicBinder      : binding parameter [6] as [VARCHAR] - [user]
2023-07-14 17:53:26.663  INFO 7468 --- [restartedMain] o.s.s.web.DefaultSecurityFilterChain     : Will secure any request with [org.springframework.security.web.session.DisableEncodeUrlFilter@5396bd49, org.springframework.security.web.context.request.async.WebAsyncManagerIntegrationFilter@27f0944e, org.springframework.security.web.context.SecurityContextPersistenceFilter@f4eb88f, org.springframework.security.web.header.HeaderWriterFilter@7b6868ac, org.springframework.web.filter.CorsFilter@10c2c40e, org.springframework.security.web.authentication.logout.LogoutFilter@3cb6f876, com.demo.Blog.config.auth.JwtAuthenticationFilter@21604b6c, org.springframework.security.web.savedrequest.RequestCacheAwareFilter@4d01ddae, org.springframework.security.web.servletapi.SecurityContextHolderAwareRequestFilter@2e454805, org.springframework.security.web.authentication.AnonymousAuthenticationFilter@486037df, org.springframework.security.web.session.SessionManagementFilter@24c4782, org.springframework.security.web.access.ExceptionTranslationFilter@156ed14f, org.springframework.security.web.access.intercept.AuthorizationFilter@149c01d4]
2023-07-14 17:53:27.207  INFO 7468 --- [restartedMain] o.s.b.a.w.s.WelcomePageHandlerMapping    : Adding welcome page template: index
2023-07-14 17:53:28.207  INFO 7468 --- [restartedMain] DiscoveryClientOptionalArgsConfiguration : Eureka HTTP Client uses RestTemplate.
2023-07-14 17:53:28.661  WARN 7468 --- [restartedMain] iguration$LoadBalancerCaffeineWarnLogger : Spring Cloud LoadBalancer is currently working with the default cache. While this cache implementation is useful for development and tests, it's recommended to use Caffeine cache in production.You can switch to using Caffeine cache, by adding it and org.springframework.cache.caffeine.CaffeineCacheManager to the classpath.
2023-07-14 17:53:28.730  INFO 7468 --- [restartedMain] o.s.c.n.eureka.InstanceInfoFactory       : Setting initial instance status as: STARTING
