2023-07-14 17:53:52.080  INFO 14572 --- [restartedMain] c.d.B.N.NotificationApplication          : Starting NotificationApplication using Java 19.0.1 on DESKTOP-C7M7OCV with PID 14572 (D:\Deneme Yaz覺l覺m\Java Denemeleri\Blog App\Notification\target\classes started by farfa in D:\Deneme Yaz覺l覺m\Java Denemeleri\Blog App)
2023-07-14 17:53:52.091  INFO 14572 --- [restartedMain] c.d.B.N.NotificationApplication          : No active profile set, falling back to 1 default profile: "default"
2023-07-14 17:53:52.354  INFO 14572 --- [restartedMain] .e.DevToolsPropertyDefaultsPostProcessor : Devtools property defaults active! Set 'spring.devtools.add-properties' to 'false' to disable
2023-07-14 17:53:52.354  INFO 14572 --- [restartedMain] .e.DevToolsPropertyDefaultsPostProcessor : For additional web related logging consider setting the 'logging.level.web' property to 'DEBUG'
2023-07-14 17:53:54.863  INFO 14572 --- [restartedMain] .s.d.r.c.RepositoryConfigurationDelegate : Bootstrapping Spring Data MongoDB repositories in DEFAULT mode.
2023-07-14 17:53:55.093  INFO 14572 --- [restartedMain] .s.d.r.c.RepositoryConfigurationDelegate : Finished Spring Data repository scanning in 218 ms. Found 1 MongoDB repository interfaces.
2023-07-14 17:53:58.173  INFO 14572 --- [restartedMain] o.s.b.w.embedded.tomcat.TomcatWebServer  : Tomcat initialized with port(s): 8082 (http)
2023-07-14 17:53:58.211  INFO 14572 --- [restartedMain] o.apache.catalina.core.StandardService   : Starting service [Tomcat]
2023-07-14 17:53:58.212  INFO 14572 --- [restartedMain] org.apache.catalina.core.StandardEngine  : Starting Servlet engine: [Apache Tomcat/9.0.75]
2023-07-14 17:53:58.537  INFO 14572 --- [restartedMain] o.a.c.c.C.[Tomcat].[localhost].[/]       : Initializing Spring embedded WebApplicationContext
2023-07-14 17:53:58.537  INFO 14572 --- [restartedMain] w.s.c.ServletWebServerApplicationContext : Root WebApplicationContext: initialization completed in 6181 ms
2023-07-14 17:53:59.245  INFO 14572 --- [restartedMain] org.mongodb.driver.client                : MongoClient with metadata {"driver": {"name": "mongo-java-driver|sync|spring-boot", "version": "4.6.1"}, "os": {"type": "Windows", "name": "Windows 10", "architecture": "amd64", "version": "10.0"}, "platform": "Java/Oracle Corporation/19.0.1+10-21"} created with settings MongoClientSettings{readPreference=primary, writeConcern=WriteConcern{w=null, wTimeout=null ms, journal=null}, retryWrites=true, retryReads=true, readConcern=ReadConcern{level=null}, credential=null, streamFactoryFactory=null, commandListeners=[], codecRegistry=ProvidersCodecRegistry{codecProviders=[ValueCodecProvider{}, BsonValueCodecProvider{}, DBRefCodecProvider{}, DBObjectCodecProvider{}, DocumentCodecProvider{}, IterableCodecProvider{}, MapCodecProvider{}, GeoJsonCodecProvider{}, GridFSFileCodecProvider{}, Jsr310CodecProvider{}, JsonObjectCodecProvider{}, BsonCodecProvider{}, EnumCodecProvider{}, com.mongodb.Jep395RecordCodecProvider@5a13c66c]}, clusterSettings={hosts=[localhost:27017], srvServiceName=mongodb, mode=SINGLE, requiredClusterType=UNKNOWN, requiredReplicaSetName='null', serverSelector='null', clusterListeners='[]', serverSelectionTimeout='30000 ms', localThreshold='30000 ms'}, socketSettings=SocketSettings{connectTimeoutMS=10000, readTimeoutMS=0, receiveBufferSize=0, sendBufferSize=0}, heartbeatSocketSettings=SocketSettings{connectTimeoutMS=10000, readTimeoutMS=10000, receiveBufferSize=0, sendBufferSize=0}, connectionPoolSettings=ConnectionPoolSettings{maxSize=100, minSize=0, maxWaitTimeMS=120000, maxConnectionLifeTimeMS=0, maxConnectionIdleTimeMS=0, maintenanceInitialDelayMS=0, maintenanceFrequencyMS=60000, connectionPoolListeners=[], maxConnecting=2}, serverSettings=ServerSettings{heartbeatFrequencyMS=10000, minHeartbeatFrequencyMS=500, serverListeners='[]', serverMonitorListeners='[]'}, sslSettings=SslSettings{enabled=false, invalidHostNameAllowed=false, context=null}, applicationName='null', compressorList=[], uuidRepresentation=JAVA_LEGACY, serverApi=null, autoEncryptionSettings=null, contextProvider=null}
2023-07-14 17:53:59.494  INFO 14572 --- [cluster-ClusterId{value='64b16187db3de61218c58a12', description='null'}-localhost:27017] org.mongodb.driver.connection            : Opened connection [connectionId{localValue:1, serverValue:2}] to localhost:27017
2023-07-14 17:53:59.494  INFO 14572 --- [cluster-rtt-ClusterId{value='64b16187db3de61218c58a12', description='null'}-localhost:27017] org.mongodb.driver.connection            : Opened connection [connectionId{localValue:2, serverValue:1}] to localhost:27017
2023-07-14 17:53:59.495  INFO 14572 --- [cluster-ClusterId{value='64b16187db3de61218c58a12', description='null'}-localhost:27017] org.mongodb.driver.cluster               : Monitor thread successfully connected to server with description ServerDescription{address=localhost:27017, type=STANDALONE, state=CONNECTED, ok=true, minWireVersion=0, maxWireVersion=17, maxDocumentSize=16777216, logicalSessionTimeoutMinutes=30, roundTripTimeNanos=283499100}
2023-07-14 17:54:00.100  WARN 14572 --- [restartedMain] o.s.b.d.a.OptionalLiveReloadServer       : Unable to start LiveReload server
2023-07-14 17:54:01.243  INFO 14572 --- [restartedMain] org.mongodb.driver.connection            : Opened connection [connectionId{localValue:3, serverValue:3}] to localhost:27017
2023-07-14 17:54:03.850  INFO 14572 --- [restartedMain] o.s.b.w.embedded.tomcat.TomcatWebServer  : Tomcat started on port(s): 8082 (http) with context path ''
2023-07-14 17:54:03.853  INFO 14572 --- [restartedMain] o.s.a.r.c.CachingConnectionFactory       : Attempting to connect to: [localhost:5672]
2023-07-14 17:54:04.047  INFO 14572 --- [restartedMain] o.s.a.r.c.CachingConnectionFactory       : Created new connection: rabbitConnectionFactory#6d5fecc0:0/SimpleConnection@7b482e73 [delegate=amqp://admin@127.0.0.1:5672/, localPort= 51643]
2023-07-14 17:54:04.167  WARN 14572 --- [org.springframework.amqp.rabbit.RabbitListenerEndpointContainer#0-1] o.s.a.r.listener.BlockingQueueConsumer   : Failed to declare queue: blog.confirmation.notification
2023-07-14 17:54:04.183  WARN 14572 --- [org.springframework.amqp.rabbit.RabbitListenerEndpointContainer#0-1] o.s.a.r.listener.BlockingQueueConsumer   : Queue declaration failed; retries left=3

org.springframework.amqp.rabbit.listener.BlockingQueueConsumer$DeclarationException: Failed to declare queue(s):[blog.confirmation.notification]
	at org.springframework.amqp.rabbit.listener.BlockingQueueConsumer.attemptPassiveDeclarations(BlockingQueueConsumer.java:760) ~[spring-rabbit-2.4.12.jar:2.4.12]
	at org.springframework.amqp.rabbit.listener.BlockingQueueConsumer.passiveDeclarations(BlockingQueueConsumer.java:637) ~[spring-rabbit-2.4.12.jar:2.4.12]
	at org.springframework.amqp.rabbit.listener.BlockingQueueConsumer.start(BlockingQueueConsumer.java:624) ~[spring-rabbit-2.4.12.jar:2.4.12]
	at org.springframework.amqp.rabbit.listener.SimpleMessageListenerContainer$AsyncMessageProcessingConsumer.initialize(SimpleMessageListenerContainer.java:1385) ~[spring-rabbit-2.4.12.jar:2.4.12]
	at org.springframework.amqp.rabbit.listener.SimpleMessageListenerContainer$AsyncMessageProcessingConsumer.run(SimpleMessageListenerContainer.java:1230) ~[spring-rabbit-2.4.12.jar:2.4.12]
	at java.base/java.lang.Thread.run(Thread.java:1589) ~[na:na]
Caused by: java.io.IOException: null
	at com.rabbitmq.client.impl.AMQChannel.wrap(AMQChannel.java:129) ~[amqp-client-5.14.2.jar:5.14.2]
	at com.rabbitmq.client.impl.AMQChannel.wrap(AMQChannel.java:125) ~[amqp-client-5.14.2.jar:5.14.2]
	at com.rabbitmq.client.impl.AMQChannel.exnWrappingRpc(AMQChannel.java:147) ~[amqp-client-5.14.2.jar:5.14.2]
	at com.rabbitmq.client.impl.ChannelN.queueDeclarePassive(ChannelN.java:1012) ~[amqp-client-5.14.2.jar:5.14.2]
	at com.rabbitmq.client.impl.ChannelN.queueDeclarePassive(ChannelN.java:46) ~[amqp-client-5.14.2.jar:5.14.2]
	at java.base/jdk.internal.reflect.DirectMethodHandleAccessor.invoke(DirectMethodHandleAccessor.java:104) ~[na:na]
	at java.base/java.lang.reflect.Method.invoke(Method.java:578) ~[na:na]
	at org.springframework.amqp.rabbit.connection.CachingConnectionFactory$CachedChannelInvocationHandler.invoke(CachingConnectionFactory.java:1162) ~[spring-rabbit-2.4.12.jar:2.4.12]
	at jdk.proxy2/jdk.proxy2.$Proxy83.queueDeclarePassive(Unknown Source) ~[na:na]
	at org.springframework.amqp.rabbit.listener.BlockingQueueConsumer.attemptPassiveDeclarations(BlockingQueueConsumer.java:738) ~[spring-rabbit-2.4.12.jar:2.4.12]
	... 5 common frames omitted
Caused by: com.rabbitmq.client.ShutdownSignalException: channel error; protocol method: #method<channel.close>(reply-code=404, reply-text=NOT_FOUND - no queue 'blog.confirmation.notification' in vhost '/', class-id=50, method-id=10)
	at com.rabbitmq.utility.ValueOrException.getValue(ValueOrException.java:66) ~[amqp-client-5.14.2.jar:5.14.2]
	at com.rabbitmq.utility.BlockingValueOrException.uninterruptibleGetValue(BlockingValueOrException.java:36) ~[amqp-client-5.14.2.jar:5.14.2]
	at com.rabbitmq.client.impl.AMQChannel$BlockingRpcContinuation.getReply(AMQChannel.java:502) ~[amqp-client-5.14.2.jar:5.14.2]
	at com.rabbitmq.client.impl.AMQChannel.privateRpc(AMQChannel.java:293) ~[amqp-client-5.14.2.jar:5.14.2]
	at com.rabbitmq.client.impl.AMQChannel.exnWrappingRpc(AMQChannel.java:141) ~[amqp-client-5.14.2.jar:5.14.2]
	... 12 common frames omitted
Caused by: com.rabbitmq.client.ShutdownSignalException: channel error; protocol method: #method<channel.close>(reply-code=404, reply-text=NOT_FOUND - no queue 'blog.confirmation.notification' in vhost '/', class-id=50, method-id=10)
	at com.rabbitmq.client.impl.ChannelN.asyncShutdown(ChannelN.java:517) ~[amqp-client-5.14.2.jar:5.14.2]
	at com.rabbitmq.client.impl.ChannelN.processAsync(ChannelN.java:341) ~[amqp-client-5.14.2.jar:5.14.2]
	at com.rabbitmq.client.impl.AMQChannel.handleCompleteInboundCommand(AMQChannel.java:182) ~[amqp-client-5.14.2.jar:5.14.2]
	at com.rabbitmq.client.impl.AMQChannel.handleFrame(AMQChannel.java:114) ~[amqp-client-5.14.2.jar:5.14.2]
	at com.rabbitmq.client.impl.AMQConnection.readFrame(AMQConnection.java:739) ~[amqp-client-5.14.2.jar:5.14.2]
	at com.rabbitmq.client.impl.AMQConnection.access$300(AMQConnection.java:47) ~[amqp-client-5.14.2.jar:5.14.2]
	at com.rabbitmq.client.impl.AMQConnection$MainLoop.run(AMQConnection.java:666) ~[amqp-client-5.14.2.jar:5.14.2]
	... 1 common frames omitted

2023-07-14 17:54:09.504  WARN 14572 --- [org.springframework.amqp.rabbit.RabbitListenerEndpointContainer#0-1] o.s.a.r.listener.BlockingQueueConsumer   : Failed to declare queue: blog.confirmation.notification
2023-07-14 17:54:09.507  WARN 14572 --- [org.springframework.amqp.rabbit.RabbitListenerEndpointContainer#0-1] o.s.a.r.listener.BlockingQueueConsumer   : Queue declaration failed; retries left=2

org.springframework.amqp.rabbit.listener.BlockingQueueConsumer$DeclarationException: Failed to declare queue(s):[blog.confirmation.notification]
	at org.springframework.amqp.rabbit.listener.BlockingQueueConsumer.attemptPassiveDeclarations(BlockingQueueConsumer.java:760) ~[spring-rabbit-2.4.12.jar:2.4.12]
	at org.springframework.amqp.rabbit.listener.BlockingQueueConsumer.passiveDeclarations(BlockingQueueConsumer.java:637) ~[spring-rabbit-2.4.12.jar:2.4.12]
	at org.springframework.amqp.rabbit.listener.BlockingQueueConsumer.start(BlockingQueueConsumer.java:624) ~[spring-rabbit-2.4.12.jar:2.4.12]
	at org.springframework.amqp.rabbit.listener.SimpleMessageListenerContainer$AsyncMessageProcessingConsumer.initialize(SimpleMessageListenerContainer.java:1385) ~[spring-rabbit-2.4.12.jar:2.4.12]
	at org.springframework.amqp.rabbit.listener.SimpleMessageListenerContainer$AsyncMessageProcessingConsumer.run(SimpleMessageListenerContainer.java:1230) ~[spring-rabbit-2.4.12.jar:2.4.12]
	at java.base/java.lang.Thread.run(Thread.java:1589) ~[na:na]
Caused by: java.io.IOException: null
	at com.rabbitmq.client.impl.AMQChannel.wrap(AMQChannel.java:129) ~[amqp-client-5.14.2.jar:5.14.2]
	at com.rabbitmq.client.impl.AMQChannel.wrap(AMQChannel.java:125) ~[amqp-client-5.14.2.jar:5.14.2]
	at com.rabbitmq.client.impl.AMQChannel.exnWrappingRpc(AMQChannel.java:147) ~[amqp-client-5.14.2.jar:5.14.2]
	at com.rabbitmq.client.impl.ChannelN.queueDeclarePassive(ChannelN.java:1012) ~[amqp-client-5.14.2.jar:5.14.2]
	at com.rabbitmq.client.impl.ChannelN.queueDeclarePassive(ChannelN.java:46) ~[amqp-client-5.14.2.jar:5.14.2]
	at java.base/jdk.internal.reflect.DirectMethodHandleAccessor.invoke(DirectMethodHandleAccessor.java:104) ~[na:na]
	at java.base/java.lang.reflect.Method.invoke(Method.java:578) ~[na:na]
	at org.springframework.amqp.rabbit.connection.CachingConnectionFactory$CachedChannelInvocationHandler.invoke(CachingConnectionFactory.java:1162) ~[spring-rabbit-2.4.12.jar:2.4.12]
	at jdk.proxy2/jdk.proxy2.$Proxy83.queueDeclarePassive(Unknown Source) ~[na:na]
	at org.springframework.amqp.rabbit.listener.BlockingQueueConsumer.attemptPassiveDeclarations(BlockingQueueConsumer.java:738) ~[spring-rabbit-2.4.12.jar:2.4.12]
	... 5 common frames omitted
Caused by: com.rabbitmq.client.ShutdownSignalException: channel error; protocol method: #method<channel.close>(reply-code=404, reply-text=NOT_FOUND - no queue 'blog.confirmation.notification' in vhost '/', class-id=50, method-id=10)
	at com.rabbitmq.utility.ValueOrException.getValue(ValueOrException.java:66) ~[amqp-client-5.14.2.jar:5.14.2]
	at com.rabbitmq.utility.BlockingValueOrException.uninterruptibleGetValue(BlockingValueOrException.java:36) ~[amqp-client-5.14.2.jar:5.14.2]
	at com.rabbitmq.client.impl.AMQChannel$BlockingRpcContinuation.getReply(AMQChannel.java:502) ~[amqp-client-5.14.2.jar:5.14.2]
	at com.rabbitmq.client.impl.AMQChannel.privateRpc(AMQChannel.java:293) ~[amqp-client-5.14.2.jar:5.14.2]
	at com.rabbitmq.client.impl.AMQChannel.exnWrappingRpc(AMQChannel.java:141) ~[amqp-client-5.14.2.jar:5.14.2]
	... 12 common frames omitted
Caused by: com.rabbitmq.client.ShutdownSignalException: channel error; protocol method: #method<channel.close>(reply-code=404, reply-text=NOT_FOUND - no queue 'blog.confirmation.notification' in vhost '/', class-id=50, method-id=10)
	at com.rabbitmq.client.impl.ChannelN.asyncShutdown(ChannelN.java:517) ~[amqp-client-5.14.2.jar:5.14.2]
	at com.rabbitmq.client.impl.ChannelN.processAsync(ChannelN.java:341) ~[amqp-client-5.14.2.jar:5.14.2]
	at com.rabbitmq.client.impl.AMQChannel.handleCompleteInboundCommand(AMQChannel.java:182) ~[amqp-client-5.14.2.jar:5.14.2]
	at com.rabbitmq.client.impl.AMQChannel.handleFrame(AMQChannel.java:114) ~[amqp-client-5.14.2.jar:5.14.2]
	at com.rabbitmq.client.impl.AMQConnection.readFrame(AMQConnection.java:739) ~[amqp-client-5.14.2.jar:5.14.2]
	at com.rabbitmq.client.impl.AMQConnection.access$300(AMQConnection.java:47) ~[amqp-client-5.14.2.jar:5.14.2]
	at com.rabbitmq.client.impl.AMQConnection$MainLoop.run(AMQConnection.java:666) ~[amqp-client-5.14.2.jar:5.14.2]
	... 1 common frames omitted

2023-07-14 17:54:14.531  WARN 14572 --- [org.springframework.amqp.rabbit.RabbitListenerEndpointContainer#0-1] o.s.a.r.listener.BlockingQueueConsumer   : Failed to declare queue: blog.confirmation.notification
2023-07-14 17:54:14.536  WARN 14572 --- [org.springframework.amqp.rabbit.RabbitListenerEndpointContainer#0-1] o.s.a.r.listener.BlockingQueueConsumer   : Queue declaration failed; retries left=1

org.springframework.amqp.rabbit.listener.BlockingQueueConsumer$DeclarationException: Failed to declare queue(s):[blog.confirmation.notification]
	at org.springframework.amqp.rabbit.listener.BlockingQueueConsumer.attemptPassiveDeclarations(BlockingQueueConsumer.java:760) ~[spring-rabbit-2.4.12.jar:2.4.12]
	at org.springframework.amqp.rabbit.listener.BlockingQueueConsumer.passiveDeclarations(BlockingQueueConsumer.java:637) ~[spring-rabbit-2.4.12.jar:2.4.12]
	at org.springframework.amqp.rabbit.listener.BlockingQueueConsumer.start(BlockingQueueConsumer.java:624) ~[spring-rabbit-2.4.12.jar:2.4.12]
	at org.springframework.amqp.rabbit.listener.SimpleMessageListenerContainer$AsyncMessageProcessingConsumer.initialize(SimpleMessageListenerContainer.java:1385) ~[spring-rabbit-2.4.12.jar:2.4.12]
	at org.springframework.amqp.rabbit.listener.SimpleMessageListenerContainer$AsyncMessageProcessingConsumer.run(SimpleMessageListenerContainer.java:1230) ~[spring-rabbit-2.4.12.jar:2.4.12]
	at java.base/java.lang.Thread.run(Thread.java:1589) ~[na:na]
Caused by: java.io.IOException: null
	at com.rabbitmq.client.impl.AMQChannel.wrap(AMQChannel.java:129) ~[amqp-client-5.14.2.jar:5.14.2]
	at com.rabbitmq.client.impl.AMQChannel.wrap(AMQChannel.java:125) ~[amqp-client-5.14.2.jar:5.14.2]
	at com.rabbitmq.client.impl.AMQChannel.exnWrappingRpc(AMQChannel.java:147) ~[amqp-client-5.14.2.jar:5.14.2]
	at com.rabbitmq.client.impl.ChannelN.queueDeclarePassive(ChannelN.java:1012) ~[amqp-client-5.14.2.jar:5.14.2]
	at com.rabbitmq.client.impl.ChannelN.queueDeclarePassive(ChannelN.java:46) ~[amqp-client-5.14.2.jar:5.14.2]
	at java.base/jdk.internal.reflect.DirectMethodHandleAccessor.invoke(DirectMethodHandleAccessor.java:104) ~[na:na]
	at java.base/java.lang.reflect.Method.invoke(Method.java:578) ~[na:na]
	at org.springframework.amqp.rabbit.connection.CachingConnectionFactory$CachedChannelInvocationHandler.invoke(CachingConnectionFactory.java:1162) ~[spring-rabbit-2.4.12.jar:2.4.12]
	at jdk.proxy2/jdk.proxy2.$Proxy83.queueDeclarePassive(Unknown Source) ~[na:na]
	at org.springframework.amqp.rabbit.listener.BlockingQueueConsumer.attemptPassiveDeclarations(BlockingQueueConsumer.java:738) ~[spring-rabbit-2.4.12.jar:2.4.12]
	... 5 common frames omitted
Caused by: com.rabbitmq.client.ShutdownSignalException: channel error; protocol method: #method<channel.close>(reply-code=404, reply-text=NOT_FOUND - no queue 'blog.confirmation.notification' in vhost '/', class-id=50, method-id=10)
	at com.rabbitmq.utility.ValueOrException.getValue(ValueOrException.java:66) ~[amqp-client-5.14.2.jar:5.14.2]
	at com.rabbitmq.utility.BlockingValueOrException.uninterruptibleGetValue(BlockingValueOrException.java:36) ~[amqp-client-5.14.2.jar:5.14.2]
	at com.rabbitmq.client.impl.AMQChannel$BlockingRpcContinuation.getReply(AMQChannel.java:502) ~[amqp-client-5.14.2.jar:5.14.2]
	at com.rabbitmq.client.impl.AMQChannel.privateRpc(AMQChannel.java:293) ~[amqp-client-5.14.2.jar:5.14.2]
	at com.rabbitmq.client.impl.AMQChannel.exnWrappingRpc(AMQChannel.java:141) ~[amqp-client-5.14.2.jar:5.14.2]
	... 12 common frames omitted
Caused by: com.rabbitmq.client.ShutdownSignalException: channel error; protocol method: #method<channel.close>(reply-code=404, reply-text=NOT_FOUND - no queue 'blog.confirmation.notification' in vhost '/', class-id=50, method-id=10)
	at com.rabbitmq.client.impl.ChannelN.asyncShutdown(ChannelN.java:517) ~[amqp-client-5.14.2.jar:5.14.2]
	at com.rabbitmq.client.impl.ChannelN.processAsync(ChannelN.java:341) ~[amqp-client-5.14.2.jar:5.14.2]
	at com.rabbitmq.client.impl.AMQChannel.handleCompleteInboundCommand(AMQChannel.java:182) ~[amqp-client-5.14.2.jar:5.14.2]
	at com.rabbitmq.client.impl.AMQChannel.handleFrame(AMQChannel.java:114) ~[amqp-client-5.14.2.jar:5.14.2]
	at com.rabbitmq.client.impl.AMQConnection.readFrame(AMQConnection.java:739) ~[amqp-client-5.14.2.jar:5.14.2]
	at com.rabbitmq.client.impl.AMQConnection.access$300(AMQConnection.java:47) ~[amqp-client-5.14.2.jar:5.14.2]
	at com.rabbitmq.client.impl.AMQConnection$MainLoop.run(AMQConnection.java:666) ~[amqp-client-5.14.2.jar:5.14.2]
	... 1 common frames omitted

2023-07-14 17:54:19.569  WARN 14572 --- [org.springframework.amqp.rabbit.RabbitListenerEndpointContainer#0-1] o.s.a.r.listener.BlockingQueueConsumer   : Failed to declare queue: blog.confirmation.notification
2023-07-14 17:54:19.572 ERROR 14572 --- [org.springframework.amqp.rabbit.RabbitListenerEndpointContainer#0-1] o.s.a.r.l.SimpleMessageListenerContainer : Consumer threw missing queues exception, fatal=true

org.springframework.amqp.rabbit.listener.QueuesNotAvailableException: Cannot prepare queue for listener. Either the queue doesn't exist or the broker will not allow us to use it.
	at org.springframework.amqp.rabbit.listener.BlockingQueueConsumer.handleDeclarationException(BlockingQueueConsumer.java:710) ~[spring-rabbit-2.4.12.jar:2.4.12]
	at org.springframework.amqp.rabbit.listener.BlockingQueueConsumer.passiveDeclarations(BlockingQueueConsumer.java:644) ~[spring-rabbit-2.4.12.jar:2.4.12]
	at org.springframework.amqp.rabbit.listener.BlockingQueueConsumer.start(BlockingQueueConsumer.java:624) ~[spring-rabbit-2.4.12.jar:2.4.12]
	at org.springframework.amqp.rabbit.listener.SimpleMessageListenerContainer$AsyncMessageProcessingConsumer.initialize(SimpleMessageListenerContainer.java:1385) ~[spring-rabbit-2.4.12.jar:2.4.12]
	at org.springframework.amqp.rabbit.listener.SimpleMessageListenerContainer$AsyncMessageProcessingConsumer.run(SimpleMessageListenerContainer.java:1230) ~[spring-rabbit-2.4.12.jar:2.4.12]
	at java.base/java.lang.Thread.run(Thread.java:1589) ~[na:na]
Caused by: org.springframework.amqp.rabbit.listener.BlockingQueueConsumer$DeclarationException: Failed to declare queue(s):[blog.confirmation.notification]
	at org.springframework.amqp.rabbit.listener.BlockingQueueConsumer.attemptPassiveDeclarations(BlockingQueueConsumer.java:760) ~[spring-rabbit-2.4.12.jar:2.4.12]
	at org.springframework.amqp.rabbit.listener.BlockingQueueConsumer.passiveDeclarations(BlockingQueueConsumer.java:637) ~[spring-rabbit-2.4.12.jar:2.4.12]
	... 4 common frames omitted
Caused by: java.io.IOException: null
	at com.rabbitmq.client.impl.AMQChannel.wrap(AMQChannel.java:129) ~[amqp-client-5.14.2.jar:5.14.2]
	at com.rabbitmq.client.impl.AMQChannel.wrap(AMQChannel.java:125) ~[amqp-client-5.14.2.jar:5.14.2]
	at com.rabbitmq.client.impl.AMQChannel.exnWrappingRpc(AMQChannel.java:147) ~[amqp-client-5.14.2.jar:5.14.2]
	at com.rabbitmq.client.impl.ChannelN.queueDeclarePassive(ChannelN.java:1012) ~[amqp-client-5.14.2.jar:5.14.2]
	at com.rabbitmq.client.impl.ChannelN.queueDeclarePassive(ChannelN.java:46) ~[amqp-client-5.14.2.jar:5.14.2]
	at java.base/jdk.internal.reflect.DirectMethodHandleAccessor.invoke(DirectMethodHandleAccessor.java:104) ~[na:na]
	at java.base/java.lang.reflect.Method.invoke(Method.java:578) ~[na:na]
	at org.springframework.amqp.rabbit.connection.CachingConnectionFactory$CachedChannelInvocationHandler.invoke(CachingConnectionFactory.java:1162) ~[spring-rabbit-2.4.12.jar:2.4.12]
	at jdk.proxy2/jdk.proxy2.$Proxy83.queueDeclarePassive(Unknown Source) ~[na:na]
	at org.springframework.amqp.rabbit.listener.BlockingQueueConsumer.attemptPassiveDeclarations(BlockingQueueConsumer.java:738) ~[spring-rabbit-2.4.12.jar:2.4.12]
	... 5 common frames omitted
Caused by: com.rabbitmq.client.ShutdownSignalException: channel error; protocol method: #method<channel.close>(reply-code=404, reply-text=NOT_FOUND - no queue 'blog.confirmation.notification' in vhost '/', class-id=50, method-id=10)
	at com.rabbitmq.utility.ValueOrException.getValue(ValueOrException.java:66) ~[amqp-client-5.14.2.jar:5.14.2]
	at com.rabbitmq.utility.BlockingValueOrException.uninterruptibleGetValue(BlockingValueOrException.java:36) ~[amqp-client-5.14.2.jar:5.14.2]
	at com.rabbitmq.client.impl.AMQChannel$BlockingRpcContinuation.getReply(AMQChannel.java:502) ~[amqp-client-5.14.2.jar:5.14.2]
	at com.rabbitmq.client.impl.AMQChannel.privateRpc(AMQChannel.java:293) ~[amqp-client-5.14.2.jar:5.14.2]
	at com.rabbitmq.client.impl.AMQChannel.exnWrappingRpc(AMQChannel.java:141) ~[amqp-client-5.14.2.jar:5.14.2]
	... 12 common frames omitted
Caused by: com.rabbitmq.client.ShutdownSignalException: channel error; protocol method: #method<channel.close>(reply-code=404, reply-text=NOT_FOUND - no queue 'blog.confirmation.notification' in vhost '/', class-id=50, method-id=10)
	at com.rabbitmq.client.impl.ChannelN.asyncShutdown(ChannelN.java:517) ~[amqp-client-5.14.2.jar:5.14.2]
	at com.rabbitmq.client.impl.ChannelN.processAsync(ChannelN.java:341) ~[amqp-client-5.14.2.jar:5.14.2]
	at com.rabbitmq.client.impl.AMQChannel.handleCompleteInboundCommand(AMQChannel.java:182) ~[amqp-client-5.14.2.jar:5.14.2]
	at com.rabbitmq.client.impl.AMQChannel.handleFrame(AMQChannel.java:114) ~[amqp-client-5.14.2.jar:5.14.2]
	at com.rabbitmq.client.impl.AMQConnection.readFrame(AMQConnection.java:739) ~[amqp-client-5.14.2.jar:5.14.2]
	at com.rabbitmq.client.impl.AMQConnection.access$300(AMQConnection.java:47) ~[amqp-client-5.14.2.jar:5.14.2]
	at com.rabbitmq.client.impl.AMQConnection$MainLoop.run(AMQConnection.java:666) ~[amqp-client-5.14.2.jar:5.14.2]
	... 1 common frames omitted

2023-07-14 17:54:19.576  WARN 14572 --- [restartedMain] ConfigServletWebServerApplicationContext : Exception encountered during context initialization - cancelling refresh attempt: org.springframework.context.ApplicationContextException: Failed to start bean 'org.springframework.amqp.rabbit.config.internalRabbitListenerEndpointRegistry'; nested exception is org.springframework.amqp.AmqpIllegalStateException: Fatal exception on listener startup
2023-07-14 17:54:19.580  INFO 14572 --- [restartedMain] o.s.a.r.l.SimpleMessageListenerContainer : Waiting for workers to finish.
2023-07-14 17:54:19.581  INFO 14572 --- [restartedMain] o.s.a.r.l.SimpleMessageListenerContainer : Successfully waited for workers to finish.
2023-07-14 17:54:19.602 ERROR 14572 --- [org.springframework.amqp.rabbit.RabbitListenerEndpointContainer#0-1] o.s.a.r.l.SimpleMessageListenerContainer : Stopping container from aborted consumer
2023-07-14 17:54:19.814  INFO 14572 --- [restartedMain] o.apache.catalina.core.StandardService   : Stopping service [Tomcat]
2023-07-14 17:54:19.860  INFO 14572 --- [restartedMain] ConditionEvaluationReportLoggingListener : 

Error starting ApplicationContext. To display the conditions report re-run your application with 'debug' enabled.
2023-07-14 17:54:20.068 ERROR 14572 --- [restartedMain] o.s.boot.SpringApplication               : Application run failed

org.springframework.context.ApplicationContextException: Failed to start bean 'org.springframework.amqp.rabbit.config.internalRabbitListenerEndpointRegistry'; nested exception is org.springframework.amqp.AmqpIllegalStateException: Fatal exception on listener startup
	at org.springframework.context.support.DefaultLifecycleProcessor.doStart(DefaultLifecycleProcessor.java:181) ~[spring-context-5.3.27.jar:5.3.27]
	at org.springframework.context.support.DefaultLifecycleProcessor.access$200(DefaultLifecycleProcessor.java:54) ~[spring-context-5.3.27.jar:5.3.27]
	at org.springframework.context.support.DefaultLifecycleProcessor$LifecycleGroup.start(DefaultLifecycleProcessor.java:356) ~[spring-context-5.3.27.jar:5.3.27]
	at java.base/java.lang.Iterable.forEach(Iterable.java:75) ~[na:na]
	at org.springframework.context.support.DefaultLifecycleProcessor.startBeans(DefaultLifecycleProcessor.java:155) ~[spring-context-5.3.27.jar:5.3.27]
	at org.springframework.context.support.DefaultLifecycleProcessor.onRefresh(DefaultLifecycleProcessor.java:123) ~[spring-context-5.3.27.jar:5.3.27]
	at org.springframework.context.support.AbstractApplicationContext.finishRefresh(AbstractApplicationContext.java:937) ~[spring-context-5.3.27.jar:5.3.27]
	at org.springframework.context.support.AbstractApplicationContext.refresh(AbstractApplicationContext.java:586) ~[spring-context-5.3.27.jar:5.3.27]
	at org.springframework.boot.web.servlet.context.ServletWebServerApplicationContext.refresh(ServletWebServerApplicationContext.java:147) ~[spring-boot-2.7.12.jar:2.7.12]
	at org.springframework.boot.SpringApplication.refresh(SpringApplication.java:731) ~[spring-boot-2.7.12.jar:2.7.12]
	at org.springframework.boot.SpringApplication.refreshContext(SpringApplication.java:408) ~[spring-boot-2.7.12.jar:2.7.12]
	at org.springframework.boot.SpringApplication.run(SpringApplication.java:307) ~[spring-boot-2.7.12.jar:2.7.12]
	at org.springframework.boot.SpringApplication.run(SpringApplication.java:1303) ~[spring-boot-2.7.12.jar:2.7.12]
	at org.springframework.boot.SpringApplication.run(SpringApplication.java:1292) ~[spring-boot-2.7.12.jar:2.7.12]
	at com.demo.Blog.Notification.NotificationApplication.main(NotificationApplication.java:21) ~[classes/:na]
	at java.base/jdk.internal.reflect.DirectMethodHandleAccessor.invoke(DirectMethodHandleAccessor.java:104) ~[na:na]
	at java.base/java.lang.reflect.Method.invoke(Method.java:578) ~[na:na]
	at org.springframework.boot.devtools.restart.RestartLauncher.run(RestartLauncher.java:49) ~[spring-boot-devtools-2.7.12.jar:2.7.12]
Caused by: org.springframework.amqp.AmqpIllegalStateException: Fatal exception on listener startup
	at org.springframework.amqp.rabbit.listener.SimpleMessageListenerContainer.waitForConsumersToStart(SimpleMessageListenerContainer.java:604) ~[spring-rabbit-2.4.12.jar:2.4.12]
	at org.springframework.amqp.rabbit.listener.SimpleMessageListenerContainer.doStart(SimpleMessageListenerContainer.java:564) ~[spring-rabbit-2.4.12.jar:2.4.12]
	at org.springframework.amqp.rabbit.listener.AbstractMessageListenerContainer.start(AbstractMessageListenerContainer.java:1409) ~[spring-rabbit-2.4.12.jar:2.4.12]
	at org.springframework.amqp.rabbit.listener.RabbitListenerEndpointRegistry.startIfNecessary(RabbitListenerEndpointRegistry.java:289) ~[spring-rabbit-2.4.12.jar:2.4.12]
	at org.springframework.amqp.rabbit.listener.RabbitListenerEndpointRegistry.start(RabbitListenerEndpointRegistry.java:239) ~[spring-rabbit-2.4.12.jar:2.4.12]
	at org.springframework.context.support.DefaultLifecycleProcessor.doStart(DefaultLifecycleProcessor.java:178) ~[spring-context-5.3.27.jar:5.3.27]
	... 17 common frames omitted
Caused by: org.springframework.amqp.rabbit.listener.QueuesNotAvailableException: Cannot prepare queue for listener. Either the queue doesn't exist or the broker will not allow us to use it.
	at org.springframework.amqp.rabbit.listener.BlockingQueueConsumer.handleDeclarationException(BlockingQueueConsumer.java:710) ~[spring-rabbit-2.4.12.jar:2.4.12]
	at org.springframework.amqp.rabbit.listener.BlockingQueueConsumer.passiveDeclarations(BlockingQueueConsumer.java:644) ~[spring-rabbit-2.4.12.jar:2.4.12]
	at org.springframework.amqp.rabbit.listener.BlockingQueueConsumer.start(BlockingQueueConsumer.java:624) ~[spring-rabbit-2.4.12.jar:2.4.12]
	at org.springframework.amqp.rabbit.listener.SimpleMessageListenerContainer$AsyncMessageProcessingConsumer.initialize(SimpleMessageListenerContainer.java:1385) ~[spring-rabbit-2.4.12.jar:2.4.12]
	at org.springframework.amqp.rabbit.listener.SimpleMessageListenerContainer$AsyncMessageProcessingConsumer.run(SimpleMessageListenerContainer.java:1230) ~[spring-rabbit-2.4.12.jar:2.4.12]
	at java.base/java.lang.Thread.run(Thread.java:1589) ~[na:na]
Caused by: org.springframework.amqp.rabbit.listener.BlockingQueueConsumer$DeclarationException: Failed to declare queue(s):[blog.confirmation.notification]
	at org.springframework.amqp.rabbit.listener.BlockingQueueConsumer.attemptPassiveDeclarations(BlockingQueueConsumer.java:760) ~[spring-rabbit-2.4.12.jar:2.4.12]
	at org.springframework.amqp.rabbit.listener.BlockingQueueConsumer.passiveDeclarations(BlockingQueueConsumer.java:637) ~[spring-rabbit-2.4.12.jar:2.4.12]
	... 4 common frames omitted
Caused by: java.io.IOException: null
	at com.rabbitmq.client.impl.AMQChannel.wrap(AMQChannel.java:129) ~[amqp-client-5.14.2.jar:5.14.2]
	at com.rabbitmq.client.impl.AMQChannel.wrap(AMQChannel.java:125) ~[amqp-client-5.14.2.jar:5.14.2]
	at com.rabbitmq.client.impl.AMQChannel.exnWrappingRpc(AMQChannel.java:147) ~[amqp-client-5.14.2.jar:5.14.2]
	at com.rabbitmq.client.impl.ChannelN.queueDeclarePassive(ChannelN.java:1012) ~[amqp-client-5.14.2.jar:5.14.2]
	at com.rabbitmq.client.impl.ChannelN.queueDeclarePassive(ChannelN.java:46) ~[amqp-client-5.14.2.jar:5.14.2]
	at java.base/jdk.internal.reflect.DirectMethodHandleAccessor.invoke(DirectMethodHandleAccessor.java:104) ~[na:na]
	at java.base/java.lang.reflect.Method.invoke(Method.java:578) ~[na:na]
	at org.springframework.amqp.rabbit.connection.CachingConnectionFactory$CachedChannelInvocationHandler.invoke(CachingConnectionFactory.java:1162) ~[spring-rabbit-2.4.12.jar:2.4.12]
	at jdk.proxy2/jdk.proxy2.$Proxy83.queueDeclarePassive(Unknown Source) ~[na:na]
	at org.springframework.amqp.rabbit.listener.BlockingQueueConsumer.attemptPassiveDeclarations(BlockingQueueConsumer.java:738) ~[spring-rabbit-2.4.12.jar:2.4.12]
	... 5 common frames omitted
Caused by: com.rabbitmq.client.ShutdownSignalException: channel error; protocol method: #method<channel.close>(reply-code=404, reply-text=NOT_FOUND - no queue 'blog.confirmation.notification' in vhost '/', class-id=50, method-id=10)
	at com.rabbitmq.utility.ValueOrException.getValue(ValueOrException.java:66) ~[amqp-client-5.14.2.jar:5.14.2]
	at com.rabbitmq.utility.BlockingValueOrException.uninterruptibleGetValue(BlockingValueOrException.java:36) ~[amqp-client-5.14.2.jar:5.14.2]
	at com.rabbitmq.client.impl.AMQChannel$BlockingRpcContinuation.getReply(AMQChannel.java:502) ~[amqp-client-5.14.2.jar:5.14.2]
	at com.rabbitmq.client.impl.AMQChannel.privateRpc(AMQChannel.java:293) ~[amqp-client-5.14.2.jar:5.14.2]
	at com.rabbitmq.client.impl.AMQChannel.exnWrappingRpc(AMQChannel.java:141) ~[amqp-client-5.14.2.jar:5.14.2]
	... 12 common frames omitted
Caused by: com.rabbitmq.client.ShutdownSignalException: channel error; protocol method: #method<channel.close>(reply-code=404, reply-text=NOT_FOUND - no queue 'blog.confirmation.notification' in vhost '/', class-id=50, method-id=10)
	at com.rabbitmq.client.impl.ChannelN.asyncShutdown(ChannelN.java:517) ~[amqp-client-5.14.2.jar:5.14.2]
	at com.rabbitmq.client.impl.ChannelN.processAsync(ChannelN.java:341) ~[amqp-client-5.14.2.jar:5.14.2]
	at com.rabbitmq.client.impl.AMQChannel.handleCompleteInboundCommand(AMQChannel.java:182) ~[amqp-client-5.14.2.jar:5.14.2]
	at com.rabbitmq.client.impl.AMQChannel.handleFrame(AMQChannel.java:114) ~[amqp-client-5.14.2.jar:5.14.2]
	at com.rabbitmq.client.impl.AMQConnection.readFrame(AMQConnection.java:739) ~[amqp-client-5.14.2.jar:5.14.2]
	at com.rabbitmq.client.impl.AMQConnection.access$300(AMQConnection.java:47) ~[amqp-client-5.14.2.jar:5.14.2]
	at com.rabbitmq.client.impl.AMQConnection$MainLoop.run(AMQConnection.java:666) ~[amqp-client-5.14.2.jar:5.14.2]
	... 1 common frames omitted

