2023-07-14 17:52:37.707  INFO 9620 --- [restartedMain] c.demo.Blog.Payment.PaymentApplication   : Starting PaymentApplication using Java 19.0.1 on DESKTOP-C7M7OCV with PID 9620 (D:\Deneme Yaz覺l覺m\Java Denemeleri\Blog App\Payment\target\classes started by farfa in D:\Deneme Yaz覺l覺m\Java Denemeleri\Blog App)
2023-07-14 17:52:37.744  INFO 9620 --- [restartedMain] c.demo.Blog.Payment.PaymentApplication   : No active profile set, falling back to 1 default profile: "default"
2023-07-14 17:52:37.981  INFO 9620 --- [restartedMain] .e.DevToolsPropertyDefaultsPostProcessor : Devtools property defaults active! Set 'spring.devtools.add-properties' to 'false' to disable
2023-07-14 17:52:37.982  INFO 9620 --- [restartedMain] .e.DevToolsPropertyDefaultsPostProcessor : For additional web related logging consider setting the 'logging.level.web' property to 'DEBUG'
2023-07-14 17:52:40.255  INFO 9620 --- [restartedMain] .s.d.r.c.RepositoryConfigurationDelegate : Bootstrapping Spring Data JPA repositories in DEFAULT mode.
2023-07-14 17:52:40.636  INFO 9620 --- [restartedMain] .s.d.r.c.RepositoryConfigurationDelegate : Finished Spring Data repository scanning in 360 ms. Found 1 JPA repository interfaces.
2023-07-14 17:52:41.343  INFO 9620 --- [restartedMain] o.s.cloud.context.scope.GenericScope     : BeanFactory id=b4b2d43b-6fe5-37c3-8145-57d55e7781de
2023-07-14 17:52:43.192  INFO 9620 --- [restartedMain] o.s.b.w.embedded.tomcat.TomcatWebServer  : Tomcat initialized with port(s): 8081 (http)
2023-07-14 17:52:43.218  INFO 9620 --- [restartedMain] o.apache.catalina.core.StandardService   : Starting service [Tomcat]
2023-07-14 17:52:43.220  INFO 9620 --- [restartedMain] org.apache.catalina.core.StandardEngine  : Starting Servlet engine: [Apache Tomcat/9.0.75]
2023-07-14 17:52:43.825  INFO 9620 --- [restartedMain] o.a.c.c.C.[Tomcat].[localhost].[/]       : Initializing Spring embedded WebApplicationContext
2023-07-14 17:52:43.826  INFO 9620 --- [restartedMain] w.s.c.ServletWebServerApplicationContext : Root WebApplicationContext: initialization completed in 5842 ms
2023-07-14 17:52:44.783  INFO 9620 --- [restartedMain] o.hibernate.jpa.internal.util.LogHelper  : HHH000204: Processing PersistenceUnitInfo [name: default]
2023-07-14 17:52:45.094  INFO 9620 --- [restartedMain] org.hibernate.Version                    : HHH000412: Hibernate ORM core version 5.6.15.Final
2023-07-14 17:52:45.713  INFO 9620 --- [restartedMain] o.hibernate.annotations.common.Version   : HCANN000001: Hibernate Commons Annotations {5.1.2.Final}
2023-07-14 17:52:46.014  INFO 9620 --- [restartedMain] com.zaxxer.hikari.HikariDataSource       : HikariPool-1 - Starting...
2023-07-14 17:52:46.560  INFO 9620 --- [restartedMain] com.zaxxer.hikari.HikariDataSource       : HikariPool-1 - Start completed.
2023-07-14 17:52:46.665  INFO 9620 --- [restartedMain] org.hibernate.dialect.Dialect            : HHH000400: Using dialect: org.hibernate.dialect.PostgreSQLDialect
2023-07-14 17:52:49.378  INFO 9620 --- [restartedMain] o.h.e.t.j.p.i.JtaPlatformInitiator       : HHH000490: Using JtaPlatform implementation: [org.hibernate.engine.transaction.jta.platform.internal.NoJtaPlatform]
2023-07-14 17:52:49.398  INFO 9620 --- [restartedMain] j.LocalContainerEntityManagerFactoryBean : Initialized JPA EntityManagerFactory for persistence unit 'default'
2023-07-14 17:52:50.846  WARN 9620 --- [restartedMain] JpaBaseConfiguration$JpaWebConfiguration : spring.jpa.open-in-view is enabled by default. Therefore, database queries may be performed during view rendering. Explicitly configure spring.jpa.open-in-view to disable this warning
2023-07-14 17:52:51.953  INFO 9620 --- [restartedMain] o.s.b.d.a.OptionalLiveReloadServer       : LiveReload server is running on port 35729
2023-07-14 17:52:52.311  INFO 9620 --- [restartedMain] DiscoveryClientOptionalArgsConfiguration : Eureka HTTP Client uses RestTemplate.
2023-07-14 17:52:52.707  WARN 9620 --- [restartedMain] iguration$LoadBalancerCaffeineWarnLogger : Spring Cloud LoadBalancer is currently working with the default cache. While this cache implementation is useful for development and tests, it's recommended to use Caffeine cache in production.You can switch to using Caffeine cache, by adding it and org.springframework.cache.caffeine.CaffeineCacheManager to the classpath.
2023-07-14 17:52:52.752  INFO 9620 --- [restartedMain] o.s.c.n.eureka.InstanceInfoFactory       : Setting initial instance status as: STARTING
2023-07-14 17:52:53.012  INFO 9620 --- [restartedMain] com.netflix.discovery.DiscoveryClient    : Initializing Eureka in region us-east-1
2023-07-14 17:52:53.021  INFO 9620 --- [restartedMain] c.n.d.s.r.aws.ConfigClusterResolver      : Resolving eureka endpoints via configuration
2023-07-14 17:52:53.081  INFO 9620 --- [restartedMain] com.netflix.discovery.DiscoveryClient    : Disable delta property : false
2023-07-14 17:52:53.082  INFO 9620 --- [restartedMain] com.netflix.discovery.DiscoveryClient    : Single vip registry refresh property : null
2023-07-14 17:52:53.082  INFO 9620 --- [restartedMain] com.netflix.discovery.DiscoveryClient    : Force full registry fetch : false
2023-07-14 17:52:53.082  INFO 9620 --- [restartedMain] com.netflix.discovery.DiscoveryClient    : Application is null : false
2023-07-14 17:52:53.082  INFO 9620 --- [restartedMain] com.netflix.discovery.DiscoveryClient    : Registered Applications size is zero : true
2023-07-14 17:52:53.083  INFO 9620 --- [restartedMain] com.netflix.discovery.DiscoveryClient    : Application version is -1: true
2023-07-14 17:52:53.083  INFO 9620 --- [restartedMain] com.netflix.discovery.DiscoveryClient    : Getting all instance registry info from the eureka server
2023-07-14 17:52:54.022  INFO 9620 --- [restartedMain] com.netflix.discovery.DiscoveryClient    : The response status is 200
2023-07-14 17:52:54.027  INFO 9620 --- [restartedMain] com.netflix.discovery.DiscoveryClient    : Starting heartbeat executor: renew interval is: 30
2023-07-14 17:52:54.033  INFO 9620 --- [restartedMain] c.n.discovery.InstanceInfoReplicator     : InstanceInfoReplicator onDemand update allowed rate per min is 4
2023-07-14 17:52:54.047  INFO 9620 --- [restartedMain] com.netflix.discovery.DiscoveryClient    : Discovery Client initialized at timestamp 1689346374042 with initial instances count: 1
2023-07-14 17:52:54.051  INFO 9620 --- [restartedMain] o.s.c.n.e.s.EurekaServiceRegistry        : Registering application PAYMENT-SERVICE with eureka with status UP
2023-07-14 17:52:54.052  INFO 9620 --- [restartedMain] com.netflix.discovery.DiscoveryClient    : Saw local status change event StatusChangeEvent [timestamp=1689346374052, current=UP, previous=STARTING]
2023-07-14 17:52:54.056  INFO 9620 --- [DiscoveryClient-InstanceInfoReplicator-0] com.netflix.discovery.DiscoveryClient    : DiscoveryClient_PAYMENT-SERVICE/DESKTOP-C7M7OCV:payment-service:8081: registering service...
2023-07-14 17:52:54.109  INFO 9620 --- [restartedMain] o.s.b.w.embedded.tomcat.TomcatWebServer  : Tomcat started on port(s): 8081 (http) with context path ''
2023-07-14 17:52:54.110  INFO 9620 --- [restartedMain] .s.c.n.e.s.EurekaAutoServiceRegistration : Updating port to 8081
2023-07-14 17:52:54.145  INFO 9620 --- [DiscoveryClient-InstanceInfoReplicator-0] com.netflix.discovery.DiscoveryClient    : DiscoveryClient_PAYMENT-SERVICE/DESKTOP-C7M7OCV:payment-service:8081 - registration status: 204
2023-07-14 17:52:54.353  INFO 9620 --- [restartedMain] c.demo.Blog.Payment.PaymentApplication   : Started PaymentApplication in 18.027 seconds (JVM running for 19.378)
